{"C:\\plain-ui-react-course\\spark-clothing-shop\\src\\App.js": {"path":"C:\\plain-ui-react-course\\spark-clothing-shop\\src\\App.js","statementMap":{"0":{"start":{"line":11,"column":2},"end":{"line":24,"column":4}}},"fnMap":{"0":{"name":"App","decl":{"start":{"line":10,"column":9},"end":{"line":10,"column":12}},"loc":{"start":{"line":10,"column":15},"end":{"line":25,"column":1}},"line":10}},"branchMap":{},"s":{"0":0},"f":{"0":0},"b":{},"_coverageSchema":"1a1c01bbd47fc00a2c39e90264f33305004495a9","hash":"04b7299e1b706c703a2aed25cf7273b2703f9d1c"}
,"C:\\plain-ui-react-course\\spark-clothing-shop\\src\\index.js": {"path":"C:\\plain-ui-react-course\\spark-clothing-shop\\src\\index.js","statementMap":{"0":{"start":{"line":9,"column":13},"end":{"line":9,"column":65}},"1":{"start":{"line":10,"column":0},"end":{"line":14,"column":2}},"2":{"start":{"line":19,"column":0},"end":{"line":19,"column":18}}},"fnMap":{},"branchMap":{},"s":{"0":0,"1":0,"2":0},"f":{},"b":{}}
,"C:\\plain-ui-react-course\\spark-clothing-shop\\src\\reportWebVitals.js": {"path":"C:\\plain-ui-react-course\\spark-clothing-shop\\src\\reportWebVitals.js","statementMap":{"0":{"start":{"line":1,"column":24},"end":{"line":11,"column":1}},"1":{"start":{"line":2,"column":2},"end":{"line":10,"column":3}},"2":{"start":{"line":3,"column":4},"end":{"line":9,"column":7}},"3":{"start":{"line":4,"column":6},"end":{"line":4,"column":26}},"4":{"start":{"line":5,"column":6},"end":{"line":5,"column":26}},"5":{"start":{"line":6,"column":6},"end":{"line":6,"column":26}},"6":{"start":{"line":7,"column":6},"end":{"line":7,"column":26}},"7":{"start":{"line":8,"column":6},"end":{"line":8,"column":27}}},"fnMap":{"0":{"name":"(anonymous_0)","decl":{"start":{"line":1,"column":24},"end":{"line":1,"column":25}},"loc":{"start":{"line":1,"column":39},"end":{"line":11,"column":1}},"line":1},"1":{"name":"(anonymous_1)","decl":{"start":{"line":3,"column":30},"end":{"line":3,"column":31}},"loc":{"start":{"line":3,"column":79},"end":{"line":9,"column":5}},"line":3}},"branchMap":{"0":{"loc":{"start":{"line":2,"column":2},"end":{"line":10,"column":3}},"type":"if","locations":[{"start":{"line":2,"column":2},"end":{"line":10,"column":3}},{"start":{},"end":{}}],"line":2},"1":{"loc":{"start":{"line":2,"column":6},"end":{"line":2,"column":52}},"type":"binary-expr","locations":[{"start":{"line":2,"column":6},"end":{"line":2,"column":17}},{"start":{"line":2,"column":21},"end":{"line":2,"column":52}}],"line":2}},"s":{"0":0,"1":0,"2":0,"3":0,"4":0,"5":0,"6":0,"7":0},"f":{"0":0,"1":0},"b":{"0":[0,0],"1":[0,0]}}
,"C:\\plain-ui-react-course\\spark-clothing-shop\\src\\components\\Footer\\Footer.js": {"path":"C:\\plain-ui-react-course\\spark-clothing-shop\\src\\components\\Footer\\Footer.js","statementMap":{"0":{"start":{"line":5,"column":15},"end":{"line":36,"column":1}},"1":{"start":{"line":7,"column":24},"end":{"line":7,"column":48}},"2":{"start":{"line":9,"column":24},"end":{"line":9,"column":45}},"3":{"start":{"line":10,"column":2},"end":{"line":35,"column":4}}},"fnMap":{"0":{"name":"(anonymous_0)","decl":{"start":{"line":5,"column":15},"end":{"line":5,"column":16}},"loc":{"start":{"line":5,"column":21},"end":{"line":36,"column":1}},"line":5}},"branchMap":{},"s":{"0":2,"1":2,"2":2,"3":2},"f":{"0":2},"b":{},"_coverageSchema":"1a1c01bbd47fc00a2c39e90264f33305004495a9","hash":"182b62ba57f3a2c9a1e713e336195f2fe98bcff3"}
,"C:\\plain-ui-react-course\\spark-clothing-shop\\src\\components\\Header\\Header.js": {"path":"C:\\plain-ui-react-course\\spark-clothing-shop\\src\\components\\Header\\Header.js","statementMap":{"0":{"start":{"line":8,"column":15},"end":{"line":36,"column":1}},"1":{"start":{"line":9,"column":2},"end":{"line":35,"column":4}}},"fnMap":{"0":{"name":"(anonymous_0)","decl":{"start":{"line":8,"column":15},"end":{"line":8,"column":16}},"loc":{"start":{"line":8,"column":21},"end":{"line":36,"column":1}},"line":8}},"branchMap":{},"s":{"0":2,"1":2},"f":{"0":2},"b":{},"_coverageSchema":"1a1c01bbd47fc00a2c39e90264f33305004495a9","hash":"9e40e7e9cbfc728517ee6f852d1bce0b7172d7d1"}
,"C:\\plain-ui-react-course\\spark-clothing-shop\\src\\components\\HelmetSetup\\HelmetSetup.js": {"path":"C:\\plain-ui-react-course\\spark-clothing-shop\\src\\components\\HelmetSetup\\HelmetSetup.js","statementMap":{"0":{"start":{"line":7,"column":20},"end":{"line":16,"column":1}},"1":{"start":{"line":8,"column":2},"end":{"line":15,"column":4}},"2":{"start":{"line":18,"column":0},"end":{"line":20,"column":2}}},"fnMap":{"0":{"name":"(anonymous_0)","decl":{"start":{"line":7,"column":20},"end":{"line":7,"column":21}},"loc":{"start":{"line":7,"column":35},"end":{"line":16,"column":1}},"line":7}},"branchMap":{},"s":{"0":7,"1":16,"2":7},"f":{"0":16},"b":{},"_coverageSchema":"1a1c01bbd47fc00a2c39e90264f33305004495a9","hash":"cd00e2850a2ac2ad9514463b47ccc7dff3f91b69"}
,"C:\\plain-ui-react-course\\spark-clothing-shop\\src\\components\\MenuList\\MenuList.js": {"path":"C:\\plain-ui-react-course\\spark-clothing-shop\\src\\components\\MenuList\\MenuList.js","statementMap":{"0":{"start":{"line":6,"column":17},"end":{"line":39,"column":1}},"1":{"start":{"line":8,"column":19},"end":{"line":29,"column":3}},"2":{"start":{"line":31,"column":2},"end":{"line":38,"column":4}},"3":{"start":{"line":35,"column":8},"end":{"line":35,"column":58}}},"fnMap":{"0":{"name":"(anonymous_0)","decl":{"start":{"line":6,"column":17},"end":{"line":6,"column":18}},"loc":{"start":{"line":6,"column":23},"end":{"line":39,"column":1}},"line":6},"1":{"name":"(anonymous_1)","decl":{"start":{"line":34,"column":20},"end":{"line":34,"column":21}},"loc":{"start":{"line":34,"column":33},"end":{"line":36,"column":7}},"line":34}},"branchMap":{},"s":{"0":4,"1":5,"2":5,"3":20},"f":{"0":5,"1":20},"b":{},"_coverageSchema":"1a1c01bbd47fc00a2c39e90264f33305004495a9","hash":"9cf4815c29946067a9a1320adb9b9cc7fc05a5b0"}
,"C:\\plain-ui-react-course\\spark-clothing-shop\\src\\components\\MenuList\\MenuItem\\MenuItem.js": {"path":"C:\\plain-ui-react-course\\spark-clothing-shop\\src\\components\\MenuList\\MenuItem\\MenuItem.js","statementMap":{"0":{"start":{"line":6,"column":17},"end":{"line":15,"column":1}},"1":{"start":{"line":8,"column":2},"end":{"line":14,"column":4}},"2":{"start":{"line":18,"column":0},"end":{"line":21,"column":2}}},"fnMap":{"0":{"name":"(anonymous_0)","decl":{"start":{"line":6,"column":17},"end":{"line":6,"column":18}},"loc":{"start":{"line":6,"column":37},"end":{"line":15,"column":1}},"line":6}},"branchMap":{},"s":{"0":5,"1":21,"2":5},"f":{"0":21},"b":{},"_coverageSchema":"1a1c01bbd47fc00a2c39e90264f33305004495a9","hash":"d929da2e9473e604b08502c98a014b44af8ebe8e"}
,"C:\\plain-ui-react-course\\spark-clothing-shop\\src\\components\\shared\\PageNotFound\\PageNotFound.js": {"path":"C:\\plain-ui-react-course\\spark-clothing-shop\\src\\components\\shared\\PageNotFound\\PageNotFound.js","statementMap":{"0":{"start":{"line":6,"column":21},"end":{"line":26,"column":1}},"1":{"start":{"line":7,"column":2},"end":{"line":25,"column":4}}},"fnMap":{"0":{"name":"(anonymous_0)","decl":{"start":{"line":6,"column":21},"end":{"line":6,"column":22}},"loc":{"start":{"line":6,"column":27},"end":{"line":26,"column":1}},"line":6}},"branchMap":{},"s":{"0":2,"1":4},"f":{"0":4},"b":{},"_coverageSchema":"1a1c01bbd47fc00a2c39e90264f33305004495a9","hash":"6955a4c5db57aa89c14427249bef967f82a115df"}
,"C:\\plain-ui-react-course\\spark-clothing-shop\\src\\containers\\shared\\ErrorBoundary\\ErrorBoundary.js": {"path":"C:\\plain-ui-react-course\\spark-clothing-shop\\src\\containers\\shared\\ErrorBoundary\\ErrorBoundary.js","statementMap":{"0":{"start":{"line":7,"column":4},"end":{"line":7,"column":17}},"1":{"start":{"line":8,"column":4},"end":{"line":10,"column":5}},"2":{"start":{"line":18,"column":4},"end":{"line":18,"column":23}},"3":{"start":{"line":19,"column":4},"end":{"line":21,"column":5}},"4":{"start":{"line":27,"column":4},"end":{"line":27,"column":23}},"5":{"start":{"line":28,"column":4},"end":{"line":28,"column":27}},"6":{"start":{"line":33,"column":4},"end":{"line":40,"column":5}},"7":{"start":{"line":34,"column":6},"end":{"line":39,"column":8}},"8":{"start":{"line":41,"column":4},"end":{"line":41,"column":31}},"9":{"start":{"line":45,"column":0},"end":{"line":47,"column":1}}},"fnMap":{"0":{"name":"(anonymous_0)","decl":{"start":{"line":6,"column":2},"end":{"line":6,"column":3}},"loc":{"start":{"line":6,"column":21},"end":{"line":11,"column":3}},"line":6},"1":{"name":"(anonymous_1)","decl":{"start":{"line":17,"column":2},"end":{"line":17,"column":3}},"loc":{"start":{"line":17,"column":42},"end":{"line":22,"column":3}},"line":17},"2":{"name":"(anonymous_2)","decl":{"start":{"line":26,"column":2},"end":{"line":26,"column":3}},"loc":{"start":{"line":26,"column":38},"end":{"line":30,"column":3}},"line":26},"3":{"name":"(anonymous_3)","decl":{"start":{"line":32,"column":2},"end":{"line":32,"column":3}},"loc":{"start":{"line":32,"column":11},"end":{"line":42,"column":3}},"line":32}},"branchMap":{"0":{"loc":{"start":{"line":33,"column":4},"end":{"line":40,"column":5}},"type":"if","locations":[{"start":{"line":33,"column":4},"end":{"line":40,"column":5}},{"start":{},"end":{}}],"line":33}},"s":{"0":4,"1":3,"2":2,"3":2,"4":1,"5":1,"6":5,"7":2,"8":3,"9":2},"f":{"0":4,"1":2,"2":1,"3":5},"b":{"0":[2,3]},"_coverageSchema":"1a1c01bbd47fc00a2c39e90264f33305004495a9","hash":"5d89c7b1e36bb79a8d165e532e6dfc60314ce152"}
,"C:\\plain-ui-react-course\\spark-clothing-shop\\src\\pages\\AboutUsPage\\AboutUsPage.js": {"path":"C:\\plain-ui-react-course\\spark-clothing-shop\\src\\pages\\AboutUsPage\\AboutUsPage.js","statementMap":{"0":{"start":{"line":9,"column":20},"end":{"line":86,"column":1}},"1":{"start":{"line":10,"column":2},"end":{"line":85,"column":4}}},"fnMap":{"0":{"name":"(anonymous_0)","decl":{"start":{"line":9,"column":20},"end":{"line":9,"column":21}},"loc":{"start":{"line":9,"column":26},"end":{"line":86,"column":1}},"line":9}},"branchMap":{},"s":{"0":2,"1":9},"f":{"0":9},"b":{},"_coverageSchema":"1a1c01bbd47fc00a2c39e90264f33305004495a9","hash":"41eeac2b8ab962b6fe233373ac0bc7700866cbf7"}
,"C:\\plain-ui-react-course\\spark-clothing-shop\\src\\pages\\AboutUsPage\\History\\History.js": {"path":"C:\\plain-ui-react-course\\spark-clothing-shop\\src\\pages\\AboutUsPage\\History\\History.js","statementMap":{"0":{"start":{"line":4,"column":16},"end":{"line":43,"column":1}},"1":{"start":{"line":5,"column":2},"end":{"line":42,"column":4}}},"fnMap":{"0":{"name":"(anonymous_0)","decl":{"start":{"line":4,"column":16},"end":{"line":4,"column":17}},"loc":{"start":{"line":4,"column":22},"end":{"line":43,"column":1}},"line":4}},"branchMap":{},"s":{"0":2,"1":2},"f":{"0":2},"b":{},"_coverageSchema":"1a1c01bbd47fc00a2c39e90264f33305004495a9","hash":"1e53b281b2f2fdaa0d38b0620b8816dca2b36f5d"}
,"C:\\plain-ui-react-course\\spark-clothing-shop\\src\\pages\\ContactUsPage\\ContactUsPage.js": {"path":"C:\\plain-ui-react-course\\spark-clothing-shop\\src\\pages\\ContactUsPage\\ContactUsPage.js","statementMap":{"0":{"start":{"line":8,"column":22},"end":{"line":24,"column":1}},"1":{"start":{"line":10,"column":2},"end":{"line":23,"column":3}}},"fnMap":{"0":{"name":"(anonymous_0)","decl":{"start":{"line":8,"column":22},"end":{"line":8,"column":23}},"loc":{"start":{"line":8,"column":28},"end":{"line":24,"column":1}},"line":8}},"branchMap":{},"s":{"0":2,"1":2},"f":{"0":2},"b":{},"_coverageSchema":"1a1c01bbd47fc00a2c39e90264f33305004495a9","hash":"7b5bb58b14e5f3df9ce8776dd0b852b94e67f785"}
,"C:\\plain-ui-react-course\\spark-clothing-shop\\src\\pages\\ContactUsPage\\ContactAddress\\ContactAddress.js": {"path":"C:\\plain-ui-react-course\\spark-clothing-shop\\src\\pages\\ContactUsPage\\ContactAddress\\ContactAddress.js","statementMap":{"0":{"start":{"line":5,"column":23},"end":{"line":55,"column":1}},"1":{"start":{"line":7,"column":40},"end":{"line":7,"column":52}},"2":{"start":{"line":8,"column":32},"end":{"line":8,"column":47}},"3":{"start":{"line":11,"column":2},"end":{"line":28,"column":9}},"4":{"start":{"line":12,"column":4},"end":{"line":27,"column":8}},"5":{"start":{"line":15,"column":8},"end":{"line":21,"column":9}},"6":{"start":{"line":16,"column":10},"end":{"line":16,"column":36}},"7":{"start":{"line":17,"column":10},"end":{"line":17,"column":28}},"8":{"start":{"line":19,"column":10},"end":{"line":19,"column":29}},"9":{"start":{"line":20,"column":10},"end":{"line":20,"column":27}},"10":{"start":{"line":24,"column":8},"end":{"line":24,"column":25}},"11":{"start":{"line":25,"column":8},"end":{"line":25,"column":27}},"12":{"start":{"line":26,"column":8},"end":{"line":26,"column":25}},"13":{"start":{"line":31,"column":2},"end":{"line":37,"column":3}},"14":{"start":{"line":32,"column":4},"end":{"line":36,"column":6}},"15":{"start":{"line":40,"column":2},"end":{"line":54,"column":4}},"16":{"start":{"line":45,"column":8},"end":{"line":51,"column":13}}},"fnMap":{"0":{"name":"(anonymous_0)","decl":{"start":{"line":5,"column":23},"end":{"line":5,"column":24}},"loc":{"start":{"line":5,"column":29},"end":{"line":55,"column":1}},"line":5},"1":{"name":"(anonymous_1)","decl":{"start":{"line":11,"column":12},"end":{"line":11,"column":13}},"loc":{"start":{"line":11,"column":18},"end":{"line":28,"column":3}},"line":11},"2":{"name":"(anonymous_2)","decl":{"start":{"line":13,"column":12},"end":{"line":13,"column":13}},"loc":{"start":{"line":13,"column":27},"end":{"line":22,"column":7}},"line":13},"3":{"name":"(anonymous_3)","decl":{"start":{"line":23,"column":13},"end":{"line":23,"column":14}},"loc":{"start":{"line":23,"column":22},"end":{"line":27,"column":7}},"line":23},"4":{"name":"(anonymous_4)","decl":{"start":{"line":44,"column":23},"end":{"line":44,"column":24}},"loc":{"start":{"line":45,"column":8},"end":{"line":51,"column":13}},"line":45}},"branchMap":{"0":{"loc":{"start":{"line":15,"column":8},"end":{"line":21,"column":9}},"type":"if","locations":[{"start":{"line":15,"column":8},"end":{"line":21,"column":9}},{"start":{"line":18,"column":15},"end":{"line":21,"column":9}}],"line":15},"1":{"loc":{"start":{"line":31,"column":2},"end":{"line":37,"column":3}},"type":"if","locations":[{"start":{"line":31,"column":2},"end":{"line":37,"column":3}},{"start":{},"end":{}}],"line":31}},"s":{"0":3,"1":6,"2":6,"3":6,"4":5,"5":3,"6":3,"7":3,"8":0,"9":0,"10":1,"11":1,"12":1,"13":6,"14":1,"15":5,"16":0},"f":{"0":6,"1":5,"2":3,"3":1,"4":0},"b":{"0":[3,0],"1":[1,5]},"_coverageSchema":"1a1c01bbd47fc00a2c39e90264f33305004495a9","hash":"30123a424070db19d0dbba8b15122a24486ce10d"}
,"C:\\plain-ui-react-course\\spark-clothing-shop\\src\\pages\\ContactUsPage\\GetInTouch\\GetInTouch.js": {"path":"C:\\plain-ui-react-course\\spark-clothing-shop\\src\\pages\\ContactUsPage\\GetInTouch\\GetInTouch.js","statementMap":{"0":{"start":{"line":8,"column":19},"end":{"line":158,"column":1}},"1":{"start":{"line":10,"column":32},"end":{"line":10,"column":47}},"2":{"start":{"line":11,"column":36},"end":{"line":11,"column":51}},"3":{"start":{"line":12,"column":32},"end":{"line":12,"column":47}},"4":{"start":{"line":15,"column":24},"end":{"line":19,"column":3}},"5":{"start":{"line":22,"column":19},"end":{"line":47,"column":3}},"6":{"start":{"line":24,"column":4},"end":{"line":43,"column":9}},"7":{"start":{"line":28,"column":8},"end":{"line":35,"column":9}},"8":{"start":{"line":29,"column":10},"end":{"line":29,"column":28}},"9":{"start":{"line":30,"column":10},"end":{"line":30,"column":29}},"10":{"start":{"line":33,"column":10},"end":{"line":33,"column":30}},"11":{"start":{"line":34,"column":10},"end":{"line":34,"column":28}},"12":{"start":{"line":39,"column":8},"end":{"line":39,"column":25}},"13":{"start":{"line":40,"column":8},"end":{"line":40,"column":25}},"14":{"start":{"line":41,"column":8},"end":{"line":41,"column":28}},"15":{"start":{"line":42,"column":8},"end":{"line":42,"column":26}},"16":{"start":{"line":46,"column":4},"end":{"line":46,"column":30}},"17":{"start":{"line":50,"column":27},"end":{"line":54,"column":4}},"18":{"start":{"line":57,"column":17},"end":{"line":61,"column":4}},"19":{"start":{"line":64,"column":2},"end":{"line":157,"column":3}}},"fnMap":{"0":{"name":"(anonymous_0)","decl":{"start":{"line":8,"column":19},"end":{"line":8,"column":20}},"loc":{"start":{"line":8,"column":25},"end":{"line":158,"column":1}},"line":8},"1":{"name":"(anonymous_1)","decl":{"start":{"line":22,"column":19},"end":{"line":22,"column":20}},"loc":{"start":{"line":22,"column":46},"end":{"line":47,"column":3}},"line":22},"2":{"name":"(anonymous_2)","decl":{"start":{"line":26,"column":12},"end":{"line":26,"column":13}},"loc":{"start":{"line":26,"column":27},"end":{"line":36,"column":7}},"line":26},"3":{"name":"(anonymous_3)","decl":{"start":{"line":37,"column":13},"end":{"line":37,"column":14}},"loc":{"start":{"line":37,"column":22},"end":{"line":43,"column":7}},"line":37}},"branchMap":{"0":{"loc":{"start":{"line":28,"column":8},"end":{"line":35,"column":9}},"type":"if","locations":[{"start":{"line":28,"column":8},"end":{"line":35,"column":9}},{"start":{"line":31,"column":15},"end":{"line":35,"column":9}}],"line":28},"1":{"loc":{"start":{"line":85,"column":15},"end":{"line":87,"column":15}},"type":"binary-expr","locations":[{"start":{"line":85,"column":15},"end":{"line":85,"column":34}},{"start":{"line":85,"column":38},"end":{"line":85,"column":56}},{"start":{"line":86,"column":16},"end":{"line":86,"column":73}}],"line":85},"2":{"loc":{"start":{"line":105,"column":15},"end":{"line":107,"column":15}},"type":"binary-expr","locations":[{"start":{"line":105,"column":15},"end":{"line":105,"column":35}},{"start":{"line":105,"column":39},"end":{"line":105,"column":58}},{"start":{"line":106,"column":16},"end":{"line":106,"column":74}}],"line":105},"3":{"loc":{"start":{"line":126,"column":15},"end":{"line":128,"column":15}},"type":"binary-expr","locations":[{"start":{"line":126,"column":15},"end":{"line":126,"column":37}},{"start":{"line":126,"column":41},"end":{"line":126,"column":62}},{"start":{"line":127,"column":16},"end":{"line":127,"column":76}}],"line":126},"4":{"loc":{"start":{"line":134,"column":15},"end":{"line":138,"column":15}},"type":"binary-expr","locations":[{"start":{"line":134,"column":15},"end":{"line":134,"column":23}},{"start":{"line":135,"column":16},"end":{"line":137,"column":25}}],"line":134},"5":{"loc":{"start":{"line":139,"column":15},"end":{"line":141,"column":15}},"type":"binary-expr","locations":[{"start":{"line":139,"column":15},"end":{"line":139,"column":22}},{"start":{"line":140,"column":16},"end":{"line":140,"column":84}}],"line":139},"6":{"loc":{"start":{"line":143,"column":13},"end":{"line":147,"column":20}},"type":"cond-expr","locations":[{"start":{"line":144,"column":14},"end":{"line":146,"column":20}},{"start":{"line":147,"column":17},"end":{"line":147,"column":19}}],"line":143},"7":{"loc":{"start":{"line":148,"column":13},"end":{"line":152,"column":13}},"type":"cond-expr","locations":[{"start":{"line":149,"column":14},"end":{"line":149,"column":103}},{"start":{"line":151,"column":14},"end":{"line":151,"column":16}}],"line":148}},"s":{"0":3,"1":18,"2":17,"3":17,"4":17,"5":17,"6":1,"7":0,"8":0,"9":0,"10":0,"11":0,"12":0,"13":0,"14":0,"15":0,"16":1,"17":17,"18":17,"19":17},"f":{"0":18,"1":1,"2":0,"3":0},"b":{"0":[0,0],"1":[17,2,0],"2":[17,2,0],"3":[17,2,0],"4":[17,17],"5":[17,0],"6":[0,17],"7":[0,17]},"_coverageSchema":"1a1c01bbd47fc00a2c39e90264f33305004495a9","hash":"3bdebfe8f8f331e37abed2a5e404949ed8dfe14c"}
,"C:\\plain-ui-react-course\\spark-clothing-shop\\src\\pages\\HomePage\\HomePage.js": {"path":"C:\\plain-ui-react-course\\spark-clothing-shop\\src\\pages\\HomePage\\HomePage.js","statementMap":{"0":{"start":{"line":8,"column":17},"end":{"line":74,"column":1}},"1":{"start":{"line":10,"column":2},"end":{"line":73,"column":4}}},"fnMap":{"0":{"name":"(anonymous_0)","decl":{"start":{"line":8,"column":17},"end":{"line":8,"column":18}},"loc":{"start":{"line":8,"column":23},"end":{"line":74,"column":1}},"line":8}},"branchMap":{},"s":{"0":2,"1":4},"f":{"0":4},"b":{},"_coverageSchema":"1a1c01bbd47fc00a2c39e90264f33305004495a9","hash":"89584fd8933aabbd126f38943f242ccdcdb569b4"}
,"C:\\plain-ui-react-course\\spark-clothing-shop\\src\\pages\\HomePage\\CarouselList\\CarouselList.js": {"path":"C:\\plain-ui-react-course\\spark-clothing-shop\\src\\pages\\HomePage\\CarouselList\\CarouselList.js","statementMap":{"0":{"start":{"line":6,"column":21},"end":{"line":84,"column":1}},"1":{"start":{"line":8,"column":19},"end":{"line":8,"column":32}},"2":{"start":{"line":10,"column":22},"end":{"line":12,"column":3}},"3":{"start":{"line":11,"column":4},"end":{"line":11,"column":26}},"4":{"start":{"line":15,"column":2},"end":{"line":83,"column":4}}},"fnMap":{"0":{"name":"(anonymous_0)","decl":{"start":{"line":6,"column":21},"end":{"line":6,"column":22}},"loc":{"start":{"line":6,"column":27},"end":{"line":84,"column":1}},"line":6},"1":{"name":"(anonymous_1)","decl":{"start":{"line":10,"column":22},"end":{"line":10,"column":23}},"loc":{"start":{"line":10,"column":28},"end":{"line":12,"column":3}},"line":10}},"branchMap":{},"s":{"0":3,"1":6,"2":6,"3":1,"4":6},"f":{"0":6,"1":1},"b":{},"_coverageSchema":"1a1c01bbd47fc00a2c39e90264f33305004495a9","hash":"f827d54c6a1dd9482d9ef1610d12130310391d5e"}
,"C:\\plain-ui-react-course\\spark-clothing-shop\\src\\pages\\HomePage\\LatestProduct\\LatestProduct.js": {"path":"C:\\plain-ui-react-course\\spark-clothing-shop\\src\\pages\\HomePage\\LatestProduct\\LatestProduct.js","statementMap":{"0":{"start":{"line":7,"column":22},"end":{"line":58,"column":1}},"1":{"start":{"line":9,"column":44},"end":{"line":9,"column":56}},"2":{"start":{"line":10,"column":2},"end":{"line":22,"column":9}},"3":{"start":{"line":11,"column":4},"end":{"line":21,"column":26}},"4":{"start":{"line":13,"column":8},"end":{"line":13,"column":26}},"5":{"start":{"line":16,"column":8},"end":{"line":16,"column":36}},"6":{"start":{"line":25,"column":2},"end":{"line":57,"column":4}},"7":{"start":{"line":29,"column":8},"end":{"line":50,"column":9}}},"fnMap":{"0":{"name":"(anonymous_0)","decl":{"start":{"line":7,"column":22},"end":{"line":7,"column":23}},"loc":{"start":{"line":7,"column":28},"end":{"line":58,"column":1}},"line":7},"1":{"name":"(anonymous_1)","decl":{"start":{"line":10,"column":12},"end":{"line":10,"column":13}},"loc":{"start":{"line":10,"column":18},"end":{"line":22,"column":3}},"line":10},"2":{"name":"(anonymous_2)","decl":{"start":{"line":12,"column":12},"end":{"line":12,"column":13}},"loc":{"start":{"line":12,"column":21},"end":{"line":14,"column":7}},"line":12},"3":{"name":"(anonymous_3)","decl":{"start":{"line":15,"column":12},"end":{"line":15,"column":13}},"loc":{"start":{"line":15,"column":27},"end":{"line":17,"column":7}},"line":15},"4":{"name":"(anonymous_4)","decl":{"start":{"line":21,"column":15},"end":{"line":21,"column":16}},"loc":{"start":{"line":21,"column":21},"end":{"line":21,"column":24}},"line":21},"5":{"name":"(anonymous_5)","decl":{"start":{"line":28,"column":26},"end":{"line":28,"column":27}},"loc":{"start":{"line":28,"column":39},"end":{"line":51,"column":7}},"line":28}},"branchMap":{},"s":{"0":3,"1":6,"2":6,"3":5,"4":2,"5":2,"6":6,"7":2},"f":{"0":6,"1":5,"2":2,"3":2,"4":2,"5":2},"b":{},"_coverageSchema":"1a1c01bbd47fc00a2c39e90264f33305004495a9","hash":"3b087bc714d7920a9c3b960f23a63dd5aa530e33"}
,"C:\\plain-ui-react-course\\spark-clothing-shop\\src\\pages\\ProductsPage\\ProductsPage.js": {"path":"C:\\plain-ui-react-course\\spark-clothing-shop\\src\\pages\\ProductsPage\\ProductsPage.js","statementMap":{"0":{"start":{"line":10,"column":17},"end":{"line":10,"column":64}},"1":{"start":{"line":10,"column":23},"end":{"line":10,"column":64}},"2":{"start":{"line":13,"column":21},"end":{"line":194,"column":1}},"3":{"start":{"line":15,"column":36},"end":{"line":15,"column":50}},"4":{"start":{"line":16,"column":32},"end":{"line":16,"column":47}},"5":{"start":{"line":17,"column":34},"end":{"line":17,"column":46}},"6":{"start":{"line":21,"column":12},"end":{"line":21,"column":16}},"7":{"start":{"line":24,"column":16},"end":{"line":24,"column":26}},"8":{"start":{"line":25,"column":21},"end":{"line":25,"column":42}},"9":{"start":{"line":28,"column":2},"end":{"line":36,"column":3}},"10":{"start":{"line":29,"column":4},"end":{"line":29,"column":56}},"11":{"start":{"line":30,"column":9},"end":{"line":36,"column":3}},"12":{"start":{"line":31,"column":4},"end":{"line":31,"column":55}},"13":{"start":{"line":32,"column":9},"end":{"line":36,"column":3}},"14":{"start":{"line":33,"column":4},"end":{"line":33,"column":57}},"15":{"start":{"line":35,"column":4},"end":{"line":35,"column":42}},"16":{"start":{"line":39,"column":2},"end":{"line":63,"column":12}},"17":{"start":{"line":40,"column":4},"end":{"line":62,"column":8}},"18":{"start":{"line":43,"column":8},"end":{"line":55,"column":9}},"19":{"start":{"line":45,"column":10},"end":{"line":49,"column":19}},"20":{"start":{"line":46,"column":12},"end":{"line":46,"column":32}},"21":{"start":{"line":47,"column":12},"end":{"line":47,"column":30}},"22":{"start":{"line":48,"column":12},"end":{"line":48,"column":35}},"23":{"start":{"line":52,"column":10},"end":{"line":52,"column":30}},"24":{"start":{"line":53,"column":10},"end":{"line":53,"column":27}},"25":{"start":{"line":54,"column":10},"end":{"line":54,"column":26}},"26":{"start":{"line":58,"column":8},"end":{"line":58,"column":25}},"27":{"start":{"line":59,"column":8},"end":{"line":59,"column":28}},"28":{"start":{"line":60,"column":8},"end":{"line":60,"column":25}},"29":{"start":{"line":61,"column":8},"end":{"line":61,"column":24}},"30":{"start":{"line":69,"column":2},"end":{"line":75,"column":3}},"31":{"start":{"line":70,"column":4},"end":{"line":74,"column":6}},"32":{"start":{"line":76,"column":2},"end":{"line":82,"column":3}},"33":{"start":{"line":77,"column":4},"end":{"line":81,"column":5}},"34":{"start":{"line":83,"column":2},"end":{"line":193,"column":3}},"35":{"start":{"line":165,"column":18},"end":{"line":185,"column":24}}},"fnMap":{"0":{"name":"(anonymous_0)","decl":{"start":{"line":10,"column":17},"end":{"line":10,"column":18}},"loc":{"start":{"line":10,"column":23},"end":{"line":10,"column":64}},"line":10},"1":{"name":"(anonymous_1)","decl":{"start":{"line":13,"column":21},"end":{"line":13,"column":22}},"loc":{"start":{"line":13,"column":27},"end":{"line":194,"column":1}},"line":13},"2":{"name":"(anonymous_2)","decl":{"start":{"line":39,"column":12},"end":{"line":39,"column":13}},"loc":{"start":{"line":39,"column":18},"end":{"line":63,"column":3}},"line":39},"3":{"name":"(anonymous_3)","decl":{"start":{"line":41,"column":12},"end":{"line":41,"column":13}},"loc":{"start":{"line":41,"column":27},"end":{"line":56,"column":7}},"line":41},"4":{"name":"(anonymous_4)","decl":{"start":{"line":45,"column":21},"end":{"line":45,"column":22}},"loc":{"start":{"line":45,"column":27},"end":{"line":49,"column":11}},"line":45},"5":{"name":"(anonymous_5)","decl":{"start":{"line":57,"column":13},"end":{"line":57,"column":14}},"loc":{"start":{"line":57,"column":22},"end":{"line":62,"column":7}},"line":57},"6":{"name":"(anonymous_6)","decl":{"start":{"line":153,"column":16},"end":{"line":153,"column":17}},"loc":{"start":{"line":165,"column":18},"end":{"line":185,"column":24}},"line":165}},"branchMap":{"0":{"loc":{"start":{"line":28,"column":2},"end":{"line":36,"column":3}},"type":"if","locations":[{"start":{"line":28,"column":2},"end":{"line":36,"column":3}},{"start":{"line":30,"column":9},"end":{"line":36,"column":3}}],"line":28},"1":{"loc":{"start":{"line":30,"column":9},"end":{"line":36,"column":3}},"type":"if","locations":[{"start":{"line":30,"column":9},"end":{"line":36,"column":3}},{"start":{"line":32,"column":9},"end":{"line":36,"column":3}}],"line":30},"2":{"loc":{"start":{"line":32,"column":9},"end":{"line":36,"column":3}},"type":"if","locations":[{"start":{"line":32,"column":9},"end":{"line":36,"column":3}},{"start":{"line":34,"column":9},"end":{"line":36,"column":3}}],"line":32},"3":{"loc":{"start":{"line":43,"column":8},"end":{"line":55,"column":9}},"type":"if","locations":[{"start":{"line":43,"column":8},"end":{"line":55,"column":9}},{"start":{"line":50,"column":15},"end":{"line":55,"column":9}}],"line":43},"4":{"loc":{"start":{"line":69,"column":2},"end":{"line":75,"column":3}},"type":"if","locations":[{"start":{"line":69,"column":2},"end":{"line":75,"column":3}},{"start":{},"end":{}}],"line":69},"5":{"loc":{"start":{"line":76,"column":2},"end":{"line":82,"column":3}},"type":"if","locations":[{"start":{"line":76,"column":2},"end":{"line":82,"column":3}},{"start":{},"end":{}}],"line":76}},"s":{"0":2,"1":4,"2":2,"3":4,"4":4,"5":4,"6":4,"7":4,"8":4,"9":4,"10":0,"11":4,"12":0,"13":4,"14":0,"15":4,"16":4,"17":3,"18":2,"19":2,"20":1,"21":1,"22":1,"23":0,"24":0,"25":0,"26":1,"27":1,"28":1,"29":1,"30":4,"31":3,"32":1,"33":1,"34":0,"35":0},"f":{"0":4,"1":4,"2":3,"3":2,"4":1,"5":1,"6":0},"b":{"0":[0,4],"1":[0,4],"2":[0,4],"3":[2,0],"4":[3,1],"5":[1,0]},"_coverageSchema":"1a1c01bbd47fc00a2c39e90264f33305004495a9","hash":"531e180475d53fa70bb8bb0b7d4a67e3b9e5eda6"}
,"C:\\plain-ui-react-course\\spark-clothing-shop\\src\\pages\\ProductsPage\\ProductDetail\\ProductDetail.js": {"path":"C:\\plain-ui-react-course\\spark-clothing-shop\\src\\pages\\ProductsPage\\ProductDetail\\ProductDetail.js","statementMap":{"0":{"start":{"line":14,"column":22},"end":{"line":127,"column":1}},"1":{"start":{"line":16,"column":36},"end":{"line":16,"column":50}},"2":{"start":{"line":17,"column":32},"end":{"line":17,"column":47}},"3":{"start":{"line":18,"column":44},"end":{"line":18,"column":56}},"4":{"start":{"line":21,"column":22},"end":{"line":21,"column":33}},"5":{"start":{"line":22,"column":17},"end":{"line":22,"column":28}},"6":{"start":{"line":24,"column":14},"end":{"line":24,"column":52}},"7":{"start":{"line":27,"column":2},"end":{"line":47,"column":12}},"8":{"start":{"line":28,"column":4},"end":{"line":46,"column":25}},"9":{"start":{"line":30,"column":8},"end":{"line":38,"column":9}},"10":{"start":{"line":31,"column":10},"end":{"line":31,"column":30}},"11":{"start":{"line":32,"column":10},"end":{"line":32,"column":28}},"12":{"start":{"line":33,"column":10},"end":{"line":33,"column":38}},"13":{"start":{"line":35,"column":10},"end":{"line":35,"column":30}},"14":{"start":{"line":36,"column":10},"end":{"line":36,"column":27}},"15":{"start":{"line":37,"column":10},"end":{"line":37,"column":31}},"16":{"start":{"line":41,"column":8},"end":{"line":41,"column":25}},"17":{"start":{"line":42,"column":8},"end":{"line":42,"column":28}},"18":{"start":{"line":43,"column":8},"end":{"line":43,"column":25}},"19":{"start":{"line":44,"column":8},"end":{"line":44,"column":29}},"20":{"start":{"line":50,"column":2},"end":{"line":56,"column":3}},"21":{"start":{"line":51,"column":4},"end":{"line":55,"column":6}},"22":{"start":{"line":57,"column":2},"end":{"line":63,"column":3}},"23":{"start":{"line":58,"column":4},"end":{"line":62,"column":5}},"24":{"start":{"line":66,"column":2},"end":{"line":126,"column":3}},"25":{"start":{"line":120,"column":12},"end":{"line":120,"column":60}}},"fnMap":{"0":{"name":"(anonymous_0)","decl":{"start":{"line":14,"column":22},"end":{"line":14,"column":23}},"loc":{"start":{"line":14,"column":28},"end":{"line":127,"column":1}},"line":14},"1":{"name":"(anonymous_1)","decl":{"start":{"line":27,"column":12},"end":{"line":27,"column":13}},"loc":{"start":{"line":27,"column":18},"end":{"line":47,"column":3}},"line":27},"2":{"name":"(anonymous_2)","decl":{"start":{"line":29,"column":12},"end":{"line":29,"column":13}},"loc":{"start":{"line":29,"column":27},"end":{"line":39,"column":7}},"line":29},"3":{"name":"(anonymous_3)","decl":{"start":{"line":40,"column":13},"end":{"line":40,"column":14}},"loc":{"start":{"line":40,"column":22},"end":{"line":45,"column":7}},"line":40},"4":{"name":"(anonymous_4)","decl":{"start":{"line":46,"column":15},"end":{"line":46,"column":16}},"loc":{"start":{"line":46,"column":21},"end":{"line":46,"column":24}},"line":46},"5":{"name":"(anonymous_5)","decl":{"start":{"line":119,"column":10},"end":{"line":119,"column":11}},"loc":{"start":{"line":119,"column":22},"end":{"line":121,"column":11}},"line":119}},"branchMap":{"0":{"loc":{"start":{"line":30,"column":8},"end":{"line":38,"column":9}},"type":"if","locations":[{"start":{"line":30,"column":8},"end":{"line":38,"column":9}},{"start":{"line":34,"column":15},"end":{"line":38,"column":9}}],"line":30},"1":{"loc":{"start":{"line":50,"column":2},"end":{"line":56,"column":3}},"type":"if","locations":[{"start":{"line":50,"column":2},"end":{"line":56,"column":3}},{"start":{},"end":{}}],"line":50},"2":{"loc":{"start":{"line":57,"column":2},"end":{"line":63,"column":3}},"type":"if","locations":[{"start":{"line":57,"column":2},"end":{"line":63,"column":3}},{"start":{},"end":{}}],"line":57}},"s":{"0":2,"1":3,"2":3,"3":3,"4":3,"5":3,"6":3,"7":3,"8":2,"9":1,"10":1,"11":1,"12":1,"13":0,"14":0,"15":0,"16":1,"17":1,"18":1,"19":1,"20":3,"21":2,"22":1,"23":1,"24":0,"25":0},"f":{"0":3,"1":2,"2":1,"3":1,"4":2,"5":0},"b":{"0":[1,0],"1":[2,1],"2":[1,0]},"_coverageSchema":"1a1c01bbd47fc00a2c39e90264f33305004495a9","hash":"a1887334b2632c96e0f320585eac9e7ed4419aa4"}
,"C:\\plain-ui-react-course\\spark-clothing-shop\\src\\pages\\ProductsPage\\ProductDetail\\Comments\\Comments.js": {"path":"C:\\plain-ui-react-course\\spark-clothing-shop\\src\\pages\\ProductsPage\\ProductDetail\\Comments\\Comments.js","statementMap":{"0":{"start":{"line":6,"column":17},"end":{"line":24,"column":1}},"1":{"start":{"line":8,"column":2},"end":{"line":23,"column":3}},"2":{"start":{"line":26,"column":0},"end":{"line":30,"column":1}}},"fnMap":{"0":{"name":"(anonymous_0)","decl":{"start":{"line":6,"column":17},"end":{"line":6,"column":18}},"loc":{"start":{"line":6,"column":48},"end":{"line":24,"column":1}},"line":6}},"branchMap":{},"s":{"0":3,"1":1,"2":3},"f":{"0":1},"b":{},"_coverageSchema":"1a1c01bbd47fc00a2c39e90264f33305004495a9","hash":"870b79ae856e8b5786d4a1e3699372451f382548"}
,"C:\\plain-ui-react-course\\spark-clothing-shop\\src\\pages\\ProductsPage\\ProductDetail\\Review\\Review.js": {"path":"C:\\plain-ui-react-course\\spark-clothing-shop\\src\\pages\\ProductsPage\\ProductDetail\\Review\\Review.js","statementMap":{"0":{"start":{"line":9,"column":15},"end":{"line":268,"column":1}},"1":{"start":{"line":11,"column":24},"end":{"line":17,"column":3}},"2":{"start":{"line":20,"column":32},"end":{"line":20,"column":47}},"3":{"start":{"line":21,"column":36},"end":{"line":21,"column":51}},"4":{"start":{"line":23,"column":26},"end":{"line":23,"column":41}},"5":{"start":{"line":26,"column":22},"end":{"line":26,"column":42}},"6":{"start":{"line":26,"column":28},"end":{"line":26,"column":42}},"7":{"start":{"line":27,"column":21},"end":{"line":27,"column":40}},"8":{"start":{"line":27,"column":27},"end":{"line":27,"column":40}},"9":{"start":{"line":30,"column":19},"end":{"line":63,"column":3}},"10":{"start":{"line":32,"column":21},"end":{"line":39,"column":5}},"11":{"start":{"line":40,"column":27},"end":{"line":40,"column":82}},"12":{"start":{"line":41,"column":4},"end":{"line":60,"column":9}},"13":{"start":{"line":44,"column":8},"end":{"line":53,"column":9}},"14":{"start":{"line":45,"column":10},"end":{"line":45,"column":43}},"15":{"start":{"line":46,"column":10},"end":{"line":46,"column":28}},"16":{"start":{"line":47,"column":10},"end":{"line":47,"column":29}},"17":{"start":{"line":50,"column":10},"end":{"line":50,"column":25}},"18":{"start":{"line":51,"column":10},"end":{"line":51,"column":30}},"19":{"start":{"line":52,"column":10},"end":{"line":52,"column":28}},"20":{"start":{"line":56,"column":8},"end":{"line":56,"column":51}},"21":{"start":{"line":57,"column":8},"end":{"line":57,"column":25}},"22":{"start":{"line":58,"column":8},"end":{"line":58,"column":28}},"23":{"start":{"line":59,"column":8},"end":{"line":59,"column":26}},"24":{"start":{"line":62,"column":4},"end":{"line":62,"column":30}},"25":{"start":{"line":66,"column":27},"end":{"line":72,"column":4}},"26":{"start":{"line":75,"column":17},"end":{"line":79,"column":4}},"27":{"start":{"line":81,"column":2},"end":{"line":267,"column":4}},"28":{"start":{"line":270,"column":0},"end":{"line":273,"column":1}}},"fnMap":{"0":{"name":"(anonymous_0)","decl":{"start":{"line":9,"column":15},"end":{"line":9,"column":16}},"loc":{"start":{"line":9,"column":50},"end":{"line":268,"column":1}},"line":9},"1":{"name":"(anonymous_1)","decl":{"start":{"line":26,"column":22},"end":{"line":26,"column":23}},"loc":{"start":{"line":26,"column":28},"end":{"line":26,"column":42}},"line":26},"2":{"name":"(anonymous_2)","decl":{"start":{"line":27,"column":21},"end":{"line":27,"column":22}},"loc":{"start":{"line":27,"column":27},"end":{"line":27,"column":40}},"line":27},"3":{"name":"(anonymous_3)","decl":{"start":{"line":30,"column":19},"end":{"line":30,"column":20}},"loc":{"start":{"line":30,"column":52},"end":{"line":63,"column":3}},"line":30},"4":{"name":"(anonymous_4)","decl":{"start":{"line":42,"column":12},"end":{"line":42,"column":13}},"loc":{"start":{"line":42,"column":27},"end":{"line":54,"column":7}},"line":42},"5":{"name":"(anonymous_5)","decl":{"start":{"line":55,"column":13},"end":{"line":55,"column":14}},"loc":{"start":{"line":55,"column":22},"end":{"line":60,"column":7}},"line":55}},"branchMap":{"0":{"loc":{"start":{"line":44,"column":8},"end":{"line":53,"column":9}},"type":"if","locations":[{"start":{"line":44,"column":8},"end":{"line":53,"column":9}},{"start":{"line":48,"column":15},"end":{"line":53,"column":9}}],"line":44},"1":{"loc":{"start":{"line":124,"column":21},"end":{"line":126,"column":21}},"type":"binary-expr","locations":[{"start":{"line":124,"column":21},"end":{"line":124,"column":40}},{"start":{"line":124,"column":44},"end":{"line":124,"column":62}},{"start":{"line":125,"column":22},"end":{"line":125,"column":79}}],"line":124},"2":{"loc":{"start":{"line":149,"column":21},"end":{"line":151,"column":21}},"type":"binary-expr","locations":[{"start":{"line":149,"column":21},"end":{"line":149,"column":41}},{"start":{"line":149,"column":45},"end":{"line":149,"column":64}},{"start":{"line":150,"column":22},"end":{"line":150,"column":80}}],"line":149},"3":{"loc":{"start":{"line":176,"column":21},"end":{"line":178,"column":21}},"type":"binary-expr","locations":[{"start":{"line":176,"column":21},"end":{"line":176,"column":41}},{"start":{"line":176,"column":45},"end":{"line":176,"column":64}},{"start":{"line":177,"column":22},"end":{"line":177,"column":80}}],"line":176},"4":{"loc":{"start":{"line":209,"column":21},"end":{"line":211,"column":21}},"type":"binary-expr","locations":[{"start":{"line":209,"column":21},"end":{"line":209,"column":42}},{"start":{"line":209,"column":46},"end":{"line":209,"column":66}},{"start":{"line":210,"column":22},"end":{"line":210,"column":81}}],"line":209},"5":{"loc":{"start":{"line":224,"column":19},"end":{"line":226,"column":19}},"type":"binary-expr","locations":[{"start":{"line":224,"column":19},"end":{"line":224,"column":41}},{"start":{"line":224,"column":45},"end":{"line":224,"column":66}},{"start":{"line":225,"column":20},"end":{"line":225,"column":80}}],"line":224},"6":{"loc":{"start":{"line":228,"column":21},"end":{"line":236,"column":21}},"type":"binary-expr","locations":[{"start":{"line":228,"column":21},"end":{"line":228,"column":29}},{"start":{"line":229,"column":22},"end":{"line":235,"column":31}}],"line":228},"7":{"loc":{"start":{"line":238,"column":21},"end":{"line":242,"column":21}},"type":"binary-expr","locations":[{"start":{"line":238,"column":21},"end":{"line":238,"column":28}},{"start":{"line":239,"column":22},"end":{"line":241,"column":31}}],"line":238},"8":{"loc":{"start":{"line":245,"column":23},"end":{"line":254,"column":23}},"type":"cond-expr","locations":[{"start":{"line":246,"column":24},"end":{"line":251,"column":30}},{"start":{"line":253,"column":24},"end":{"line":253,"column":26}}],"line":245}},"s":{"0":3,"1":12,"2":12,"3":12,"4":12,"5":12,"6":1,"7":12,"8":5,"9":12,"10":0,"11":0,"12":0,"13":0,"14":0,"15":0,"16":0,"17":0,"18":0,"19":0,"20":0,"21":0,"22":0,"23":0,"24":0,"25":12,"26":12,"27":12,"28":3},"f":{"0":12,"1":1,"2":5,"3":0,"4":0,"5":0},"b":{"0":[0,0],"1":[12,0,0],"2":[12,0,0],"3":[12,0,0],"4":[12,0,0],"5":[12,0,0],"6":[12,12],"7":[12,0],"8":[0,12]},"_coverageSchema":"1a1c01bbd47fc00a2c39e90264f33305004495a9","hash":"00d4a297c9d938b9cc166ce61d68bae32a74d429"}
,"C:\\plain-ui-react-course\\spark-clothing-shop\\src\\routes\\AppRoutes\\AppRoutes.js": {"path":"C:\\plain-ui-react-course\\spark-clothing-shop\\src\\routes\\AppRoutes\\AppRoutes.js","statementMap":{"0":{"start":{"line":13,"column":17},"end":{"line":13,"column":74}},"1":{"start":{"line":13,"column":34},"end":{"line":13,"column":73}},"2":{"start":{"line":14,"column":20},"end":{"line":14,"column":83}},"3":{"start":{"line":14,"column":37},"end":{"line":14,"column":82}},"4":{"start":{"line":15,"column":22},"end":{"line":15,"column":89}},"5":{"start":{"line":15,"column":39},"end":{"line":15,"column":88}},"6":{"start":{"line":16,"column":21},"end":{"line":16,"column":86}},"7":{"start":{"line":16,"column":38},"end":{"line":16,"column":85}},"8":{"start":{"line":17,"column":21},"end":{"line":17,"column":98}},"9":{"start":{"line":17,"column":38},"end":{"line":17,"column":97}},"10":{"start":{"line":18,"column":16},"end":{"line":18,"column":83}},"11":{"start":{"line":18,"column":33},"end":{"line":18,"column":82}},"12":{"start":{"line":19,"column":22},"end":{"line":19,"column":102}},"13":{"start":{"line":19,"column":39},"end":{"line":19,"column":101}},"14":{"start":{"line":21,"column":18},"end":{"line":39,"column":1}},"15":{"start":{"line":22,"column":2},"end":{"line":38,"column":4}}},"fnMap":{"0":{"name":"(anonymous_0)","decl":{"start":{"line":13,"column":28},"end":{"line":13,"column":29}},"loc":{"start":{"line":13,"column":34},"end":{"line":13,"column":73}},"line":13},"1":{"name":"(anonymous_1)","decl":{"start":{"line":14,"column":31},"end":{"line":14,"column":32}},"loc":{"start":{"line":14,"column":37},"end":{"line":14,"column":82}},"line":14},"2":{"name":"(anonymous_2)","decl":{"start":{"line":15,"column":33},"end":{"line":15,"column":34}},"loc":{"start":{"line":15,"column":39},"end":{"line":15,"column":88}},"line":15},"3":{"name":"(anonymous_3)","decl":{"start":{"line":16,"column":32},"end":{"line":16,"column":33}},"loc":{"start":{"line":16,"column":38},"end":{"line":16,"column":85}},"line":16},"4":{"name":"(anonymous_4)","decl":{"start":{"line":17,"column":32},"end":{"line":17,"column":33}},"loc":{"start":{"line":17,"column":38},"end":{"line":17,"column":97}},"line":17},"5":{"name":"(anonymous_5)","decl":{"start":{"line":18,"column":27},"end":{"line":18,"column":28}},"loc":{"start":{"line":18,"column":33},"end":{"line":18,"column":82}},"line":18},"6":{"name":"(anonymous_6)","decl":{"start":{"line":19,"column":33},"end":{"line":19,"column":34}},"loc":{"start":{"line":19,"column":39},"end":{"line":19,"column":101}},"line":19},"7":{"name":"(anonymous_7)","decl":{"start":{"line":21,"column":18},"end":{"line":21,"column":19}},"loc":{"start":{"line":21,"column":24},"end":{"line":39,"column":1}},"line":21}},"branchMap":{},"s":{"0":2,"1":1,"2":2,"3":1,"4":2,"5":1,"6":2,"7":1,"8":2,"9":1,"10":2,"11":1,"12":2,"13":1,"14":2,"15":7},"f":{"0":1,"1":1,"2":1,"3":1,"4":1,"5":1,"6":1,"7":7},"b":{},"_coverageSchema":"1a1c01bbd47fc00a2c39e90264f33305004495a9","hash":"c3e1e97932f1be8d7df4f9774e26a45937c3a91f"}
,"C:\\plain-ui-react-course\\spark-clothing-shop\\src\\utils\\fetchApi.js": {"path":"C:\\plain-ui-react-course\\spark-clothing-shop\\src\\utils\\fetchApi.js","statementMap":{"0":{"start":{"line":2,"column":24},"end":{"line":23,"column":1}},"1":{"start":{"line":3,"column":2},"end":{"line":22,"column":7}},"2":{"start":{"line":6,"column":6},"end":{"line":14,"column":7}},"3":{"start":{"line":7,"column":8},"end":{"line":7,"column":25}},"4":{"start":{"line":9,"column":8},"end":{"line":13,"column":10}},"5":{"start":{"line":18,"column":6},"end":{"line":18,"column":17}}},"fnMap":{"0":{"name":"(anonymous_0)","decl":{"start":{"line":2,"column":24},"end":{"line":2,"column":25}},"loc":{"start":{"line":2,"column":33},"end":{"line":23,"column":1}},"line":2},"1":{"name":"(anonymous_1)","decl":{"start":{"line":4,"column":10},"end":{"line":4,"column":11}},"loc":{"start":{"line":4,"column":19},"end":{"line":15,"column":5}},"line":4},"2":{"name":"(anonymous_2)","decl":{"start":{"line":16,"column":11},"end":{"line":16,"column":12}},"loc":{"start":{"line":16,"column":20},"end":{"line":19,"column":5}},"line":16},"3":{"name":"(anonymous_3)","decl":{"start":{"line":20,"column":13},"end":{"line":20,"column":14}},"loc":{"start":{"line":20,"column":19},"end":{"line":22,"column":5}},"line":20}},"branchMap":{"0":{"loc":{"start":{"line":6,"column":6},"end":{"line":14,"column":7}},"type":"if","locations":[{"start":{"line":6,"column":6},"end":{"line":14,"column":7}},{"start":{"line":8,"column":13},"end":{"line":14,"column":7}}],"line":6},"1":{"loc":{"start":{"line":6,"column":10},"end":{"line":6,"column":50}},"type":"binary-expr","locations":[{"start":{"line":6,"column":10},"end":{"line":6,"column":28}},{"start":{"line":6,"column":32},"end":{"line":6,"column":50}}],"line":6}},"s":{"0":5,"1":3,"2":2,"3":2,"4":0,"5":0},"f":{"0":3,"1":2,"2":0,"3":2},"b":{"0":[2,0],"1":[2,0]},"_coverageSchema":"1a1c01bbd47fc00a2c39e90264f33305004495a9","hash":"e6720b35ffd11007f14cc8d06e9538158b21b33f"}
}
